{"C:\\Users\\hp\\Desktop\\Software Development\\Projects\\notes-app\\backend\\src\\api\\controllers\\auth.controller.ts": {"path":"C:\\Users\\hp\\Desktop\\Software Development\\Projects\\notes-app\\backend\\src\\api\\controllers\\auth.controller.ts","statementMap":{"0":{"start":{"line":2,"column":0},"end":{"line":2,"column":28}},"1":{"start":{"line":5,"column":0},"end":{"line":5,"column":33}},"2":{"start":{"line":6,"column":0},"end":{"line":6,"column":47}},"3":{"start":{"line":7,"column":0},"end":{"line":7,"column":72}},"4":{"start":{"line":8,"column":0},"end":{"line":8,"column":48}},"5":{"start":{"line":9,"column":0},"end":{"line":9,"column":55}},"6":{"start":{"line":19,"column":28},"end":{"line":49,"column":1}},"7":{"start":{"line":20,"column":4},"end":{"line":48,"column":5}},"8":{"start":{"line":22,"column":46},"end":{"line":22,"column":54}},"9":{"start":{"line":24,"column":24},"end":{"line":28,"column":10}},"10":{"start":{"line":30,"column":8},"end":{"line":30,"column":29}},"11":{"start":{"line":33,"column":22},"end":{"line":36,"column":10}},"12":{"start":{"line":38,"column":8},"end":{"line":38,"column":55}},"13":{"start":{"line":40,"column":8},"end":{"line":43,"column":11}},"14":{"start":{"line":47,"column":8},"end":{"line":47,"column":20}},"15":{"start":{"line":19,"column":13},"end":{"line":19,"column":28}},"16":{"start":{"line":59,"column":25},"end":{"line":95,"column":1}},"17":{"start":{"line":60,"column":4},"end":{"line":94,"column":5}},"18":{"start":{"line":62,"column":46},"end":{"line":62,"column":54}},"19":{"start":{"line":64,"column":21},"end":{"line":67,"column":10}},"20":{"start":{"line":69,"column":8},"end":{"line":69,"column":62}},"21":{"start":{"line":69,"column":19},"end":{"line":69,"column":62}},"22":{"start":{"line":71,"column":30},"end":{"line":71,"column":75}},"23":{"start":{"line":73,"column":8},"end":{"line":73,"column":null}},"24":{"start":{"line":73,"column":29},"end":{"line":73,"column":null}},"25":{"start":{"line":77,"column":22},"end":{"line":80,"column":10}},"26":{"start":{"line":82,"column":8},"end":{"line":82,"column":55}},"27":{"start":{"line":85,"column":8},"end":{"line":88,"column":11}},"28":{"start":{"line":92,"column":8},"end":{"line":92,"column":20}},"29":{"start":{"line":59,"column":13},"end":{"line":59,"column":25}},"30":{"start":{"line":104,"column":26},"end":{"line":114,"column":1}},"31":{"start":{"line":105,"column":4},"end":{"line":113,"column":5}},"32":{"start":{"line":107,"column":8},"end":{"line":107,"column":38}},"33":{"start":{"line":108,"column":8},"end":{"line":108,"column":57}},"34":{"start":{"line":112,"column":8},"end":{"line":112,"column":20}},"35":{"start":{"line":104,"column":13},"end":{"line":104,"column":26}}},"fnMap":{"0":{"name":"(anonymous_1)","decl":{"start":{"line":19,"column":28},"end":{"line":19,"column":33}},"loc":{"start":{"line":19,"column":112},"end":{"line":49,"column":1}}},"1":{"name":"(anonymous_2)","decl":{"start":{"line":59,"column":25},"end":{"line":59,"column":30}},"loc":{"start":{"line":59,"column":109},"end":{"line":95,"column":1}}},"2":{"name":"(anonymous_3)","decl":{"start":{"line":104,"column":26},"end":{"line":104,"column":31}},"loc":{"start":{"line":104,"column":111},"end":{"line":114,"column":1}}}},"branchMap":{"0":{"loc":{"start":{"line":69,"column":8},"end":{"line":69,"column":62}},"type":"if","locations":[{"start":{"line":69,"column":8},"end":{"line":69,"column":62}}]},"1":{"loc":{"start":{"line":73,"column":8},"end":{"line":73,"column":null}},"type":"if","locations":[{"start":{"line":73,"column":8},"end":{"line":73,"column":null}}]}},"s":{"0":5,"1":5,"2":5,"3":5,"4":5,"5":5,"6":5,"7":1,"8":1,"9":1,"10":1,"11":1,"12":1,"13":1,"14":0,"15":5,"16":5,"17":2,"18":2,"19":2,"20":2,"21":1,"22":1,"23":1,"24":0,"25":1,"26":1,"27":1,"28":1,"29":5,"30":5,"31":1,"32":1,"33":1,"34":0,"35":5},"f":{"0":1,"1":2,"2":1},"b":{"0":[1],"1":[0]}}
,"C:\\Users\\hp\\Desktop\\Software Development\\Projects\\notes-app\\backend\\src\\api\\controllers\\category.controller.ts": {"path":"C:\\Users\\hp\\Desktop\\Software Development\\Projects\\notes-app\\backend\\src\\api\\controllers\\category.controller.ts","statementMap":{"0":{"start":{"line":3,"column":0},"end":{"line":3,"column":43}},"1":{"start":{"line":4,"column":0},"end":{"line":4,"column":55}},"2":{"start":{"line":5,"column":0},"end":{"line":5,"column":48}},"3":{"start":{"line":16,"column":30},"end":{"line":37,"column":1}},"4":{"start":{"line":18,"column":4},"end":{"line":35,"column":5}},"5":{"start":{"line":20,"column":27},"end":{"line":20,"column":36}},"6":{"start":{"line":21,"column":26},"end":{"line":21,"column":34}},"7":{"start":{"line":24,"column":28},"end":{"line":24,"column":73}},"8":{"start":{"line":25,"column":8},"end":{"line":25,"column":33}},"9":{"start":{"line":27,"column":8},"end":{"line":30,"column":11}},"10":{"start":{"line":34,"column":8},"end":{"line":34,"column":20}},"11":{"start":{"line":16,"column":13},"end":{"line":16,"column":30}},"12":{"start":{"line":49,"column":35},"end":{"line":70,"column":1}},"13":{"start":{"line":50,"column":4},"end":{"line":69,"column":5}},"14":{"start":{"line":51,"column":27},"end":{"line":51,"column":36}},"15":{"start":{"line":52,"column":31},"end":{"line":52,"column":42}},"16":{"start":{"line":53,"column":30},"end":{"line":53,"column":38}},"17":{"start":{"line":55,"column":25},"end":{"line":57,"column":null}},"18":{"start":{"line":60,"column":8},"end":{"line":62,"column":9}},"19":{"start":{"line":61,"column":12},"end":{"line":61,"column":58}},"20":{"start":{"line":65,"column":8},"end":{"line":65,"column":57}},"21":{"start":{"line":68,"column":8},"end":{"line":68,"column":20}},"22":{"start":{"line":49,"column":13},"end":{"line":49,"column":35}},"23":{"start":{"line":82,"column":30},"end":{"line":108,"column":1}},"24":{"start":{"line":84,"column":4},"end":{"line":107,"column":5}},"25":{"start":{"line":85,"column":27},"end":{"line":85,"column":36}},"26":{"start":{"line":87,"column":31},"end":{"line":87,"column":41}},"27":{"start":{"line":90,"column":8},"end":{"line":93,"column":10}},"28":{"start":{"line":95,"column":8},"end":{"line":98,"column":11}},"29":{"start":{"line":100,"column":8},"end":{"line":100,"column":57}},"30":{"start":{"line":106,"column":8},"end":{"line":106,"column":20}},"31":{"start":{"line":82,"column":13},"end":{"line":82,"column":30}},"32":{"start":{"line":120,"column":29},"end":{"line":139,"column":1}},"33":{"start":{"line":121,"column":4},"end":{"line":138,"column":5}},"34":{"start":{"line":122,"column":27},"end":{"line":122,"column":36}},"35":{"start":{"line":124,"column":27},"end":{"line":124,"column":65}},"36":{"start":{"line":126,"column":8},"end":{"line":128,"column":9}},"37":{"start":{"line":127,"column":12},"end":{"line":127,"column":59}},"38":{"start":{"line":130,"column":8},"end":{"line":134,"column":11}},"39":{"start":{"line":137,"column":8},"end":{"line":137,"column":20}},"40":{"start":{"line":120,"column":13},"end":{"line":120,"column":29}}},"fnMap":{"0":{"name":"(anonymous_0)","decl":{"start":{"line":16,"column":30},"end":{"line":16,"column":35}},"loc":{"start":{"line":16,"column":114},"end":{"line":37,"column":1}}},"1":{"name":"(anonymous_1)","decl":{"start":{"line":49,"column":35},"end":{"line":49,"column":40}},"loc":{"start":{"line":49,"column":119},"end":{"line":70,"column":1}}},"2":{"name":"(anonymous_2)","decl":{"start":{"line":82,"column":30},"end":{"line":82,"column":35}},"loc":{"start":{"line":82,"column":114},"end":{"line":108,"column":1}}},"3":{"name":"(anonymous_3)","decl":{"start":{"line":120,"column":29},"end":{"line":120,"column":34}},"loc":{"start":{"line":120,"column":113},"end":{"line":139,"column":1}}}},"branchMap":{"0":{"loc":{"start":{"line":60,"column":8},"end":{"line":62,"column":9}},"type":"if","locations":[{"start":{"line":60,"column":8},"end":{"line":62,"column":9}}]},"1":{"loc":{"start":{"line":126,"column":8},"end":{"line":128,"column":9}},"type":"if","locations":[{"start":{"line":126,"column":8},"end":{"line":128,"column":9}}]}},"s":{"0":5,"1":5,"2":5,"3":5,"4":1,"5":1,"6":1,"7":1,"8":1,"9":1,"10":0,"11":5,"12":5,"13":1,"14":1,"15":1,"16":1,"17":1,"18":1,"19":0,"20":1,"21":0,"22":5,"23":5,"24":1,"25":1,"26":1,"27":1,"28":1,"29":1,"30":0,"31":5,"32":5,"33":2,"34":2,"35":2,"36":2,"37":1,"38":1,"39":1,"40":5},"f":{"0":1,"1":1,"2":1,"3":2},"b":{"0":[0],"1":[1]}}
,"C:\\Users\\hp\\Desktop\\Software Development\\Projects\\notes-app\\backend\\src\\api\\controllers\\index.ts": {"path":"C:\\Users\\hp\\Desktop\\Software Development\\Projects\\notes-app\\backend\\src\\api\\controllers\\index.ts","statementMap":{"0":{"start":{"line":1,"column":0},"end":{"line":1,"column":9}},"1":{"start":{"line":12,"column":4},"end":{"line":1,"column":20}},"2":{"start":{"line":13,"column":4},"end":{"line":1,"column":32}},"3":{"start":{"line":11,"column":4},"end":{"line":1,"column":72}},"4":{"start":{"line":2,"column":0},"end":{"line":2,"column":9}},"5":{"start":{"line":23,"column":4},"end":{"line":2,"column":25}},"6":{"start":{"line":26,"column":4},"end":{"line":2,"column":41}},"7":{"start":{"line":24,"column":4},"end":{"line":2,"column":56}},"8":{"start":{"line":25,"column":4},"end":{"line":2,"column":107}},"9":{"start":{"line":3,"column":0},"end":{"line":3,"column":9}},"10":{"start":{"line":18,"column":4},"end":{"line":3,"column":21}},"11":{"start":{"line":21,"column":4},"end":{"line":3,"column":33}},"12":{"start":{"line":19,"column":4},"end":{"line":3,"column":43}},"13":{"start":{"line":20,"column":4},"end":{"line":3,"column":81}},"14":{"start":{"line":4,"column":0},"end":{"line":4,"column":9}},"15":{"start":{"line":15,"column":4},"end":{"line":4,"column":18}},"16":{"start":{"line":16,"column":4},"end":{"line":4,"column":60}}},"fnMap":{"0":{"name":"(anonymous_0)","decl":{"start":{"line":12,"column":4},"end":{"line":12,"column":13}},"loc":{"start":{"line":12,"column":4},"end":{"line":1,"column":20}}},"1":{"name":"(anonymous_1)","decl":{"start":{"line":13,"column":4},"end":{"line":13,"column":14}},"loc":{"start":{"line":13,"column":4},"end":{"line":1,"column":32}}},"2":{"name":"(anonymous_2)","decl":{"start":{"line":11,"column":4},"end":{"line":11,"column":16}},"loc":{"start":{"line":11,"column":4},"end":{"line":1,"column":72}}},"3":{"name":"(anonymous_3)","decl":{"start":{"line":23,"column":4},"end":{"line":23,"column":18}},"loc":{"start":{"line":23,"column":4},"end":{"line":2,"column":25}}},"4":{"name":"(anonymous_4)","decl":{"start":{"line":26,"column":4},"end":{"line":26,"column":18}},"loc":{"start":{"line":26,"column":4},"end":{"line":2,"column":41}}},"5":{"name":"(anonymous_5)","decl":{"start":{"line":24,"column":4},"end":{"line":24,"column":17}},"loc":{"start":{"line":24,"column":4},"end":{"line":2,"column":56}}},"6":{"name":"(anonymous_6)","decl":{"start":{"line":25,"column":4},"end":{"line":25,"column":23}},"loc":{"start":{"line":25,"column":4},"end":{"line":2,"column":107}}},"7":{"name":"(anonymous_7)","decl":{"start":{"line":18,"column":4},"end":{"line":18,"column":14}},"loc":{"start":{"line":18,"column":4},"end":{"line":3,"column":21}}},"8":{"name":"(anonymous_8)","decl":{"start":{"line":21,"column":4},"end":{"line":21,"column":14}},"loc":{"start":{"line":21,"column":4},"end":{"line":3,"column":33}}},"9":{"name":"(anonymous_9)","decl":{"start":{"line":19,"column":4},"end":{"line":19,"column":12}},"loc":{"start":{"line":19,"column":4},"end":{"line":3,"column":43}}},"10":{"name":"(anonymous_10)","decl":{"start":{"line":20,"column":4},"end":{"line":20,"column":14}},"loc":{"start":{"line":20,"column":4},"end":{"line":3,"column":81}}},"11":{"name":"(anonymous_11)","decl":{"start":{"line":15,"column":4},"end":{"line":15,"column":11}},"loc":{"start":{"line":15,"column":4},"end":{"line":4,"column":18}}},"12":{"name":"(anonymous_12)","decl":{"start":{"line":16,"column":4},"end":{"line":16,"column":18}},"loc":{"start":{"line":16,"column":4},"end":{"line":4,"column":60}}}},"branchMap":{},"s":{"0":5,"1":10,"2":10,"3":10,"4":5,"5":10,"6":10,"7":10,"8":10,"9":5,"10":10,"11":10,"12":10,"13":10,"14":5,"15":10,"16":10},"f":{"0":5,"1":5,"2":5,"3":5,"4":5,"5":5,"6":5,"7":5,"8":5,"9":5,"10":5,"11":5,"12":5},"b":{}}
,"C:\\Users\\hp\\Desktop\\Software Development\\Projects\\notes-app\\backend\\src\\api\\controllers\\note.controller.ts": {"path":"C:\\Users\\hp\\Desktop\\Software Development\\Projects\\notes-app\\backend\\src\\api\\controllers\\note.controller.ts","statementMap":{"0":{"start":{"line":3,"column":0},"end":{"line":3,"column":33}},"1":{"start":{"line":4,"column":0},"end":{"line":4,"column":55}},"2":{"start":{"line":5,"column":0},"end":{"line":5,"column":48}},"3":{"start":{"line":19,"column":26},"end":{"line":48,"column":1}},"4":{"start":{"line":20,"column":4},"end":{"line":47,"column":5}},"5":{"start":{"line":21,"column":27},"end":{"line":21,"column":36}},"6":{"start":{"line":22,"column":47},"end":{"line":22,"column":55}},"7":{"start":{"line":24,"column":24},"end":{"line":27,"column":10}},"8":{"start":{"line":30,"column":8},"end":{"line":30,"column":54}},"9":{"start":{"line":30,"column":24},"end":{"line":30,"column":54}},"10":{"start":{"line":32,"column":8},"end":{"line":32,"column":47}},"11":{"start":{"line":32,"column":21},"end":{"line":32,"column":47}},"12":{"start":{"line":35,"column":8},"end":{"line":35,"column":29}},"13":{"start":{"line":38,"column":8},"end":{"line":41,"column":11}},"14":{"start":{"line":45,"column":8},"end":{"line":45,"column":20}},"15":{"start":{"line":19,"column":13},"end":{"line":19,"column":26}},"16":{"start":{"line":60,"column":24},"end":{"line":107,"column":1}},"17":{"start":{"line":61,"column":4},"end":{"line":106,"column":5}},"18":{"start":{"line":62,"column":27},"end":{"line":62,"column":36}},"19":{"start":{"line":63,"column":27},"end":{"line":63,"column":37}},"20":{"start":{"line":64,"column":47},"end":{"line":64,"column":56}},"21":{"start":{"line":66,"column":41},"end":{"line":66,"column":43}},"22":{"start":{"line":68,"column":8},"end":{"line":68,"column":29}},"23":{"start":{"line":70,"column":8},"end":{"line":72,"column":9}},"24":{"start":{"line":71,"column":12},"end":{"line":71,"column":40}},"25":{"start":{"line":74,"column":8},"end":{"line":76,"column":9}},"26":{"start":{"line":75,"column":12},"end":{"line":75,"column":57}},"27":{"start":{"line":78,"column":8},"end":{"line":80,"column":9}},"28":{"start":{"line":79,"column":12},"end":{"line":79,"column":null}},"29":{"start":{"line":82,"column":8},"end":{"line":84,"column":9}},"30":{"start":{"line":83,"column":12},"end":{"line":83,"column":31}},"31":{"start":{"line":86,"column":22},"end":{"line":91,"column":42}},"32":{"start":{"line":94,"column":8},"end":{"line":96,"column":9}},"33":{"start":{"line":95,"column":12},"end":{"line":95,"column":null}},"34":{"start":{"line":98,"column":8},"end":{"line":102,"column":11}},"35":{"start":{"line":105,"column":8},"end":{"line":105,"column":20}},"36":{"start":{"line":60,"column":13},"end":{"line":60,"column":24}},"37":{"start":{"line":119,"column":26},"end":{"line":146,"column":1}},"38":{"start":{"line":120,"column":4},"end":{"line":145,"column":5}},"39":{"start":{"line":121,"column":27},"end":{"line":121,"column":36}},"40":{"start":{"line":122,"column":42},"end":{"line":122,"column":52}},"41":{"start":{"line":123,"column":29},"end":{"line":123,"column":37}},"42":{"start":{"line":125,"column":21},"end":{"line":127,"column":null}},"43":{"start":{"line":132,"column":8},"end":{"line":132,"column":79}},"44":{"start":{"line":132,"column":37},"end":{"line":132,"column":79}},"45":{"start":{"line":134,"column":8},"end":{"line":134,"column":81}},"46":{"start":{"line":134,"column":38},"end":{"line":134,"column":81}},"47":{"start":{"line":136,"column":8},"end":{"line":139,"column":11}},"48":{"start":{"line":143,"column":8},"end":{"line":143,"column":20}},"49":{"start":{"line":119,"column":13},"end":{"line":119,"column":26}},"50":{"start":{"line":159,"column":26},"end":{"line":177,"column":1}},"51":{"start":{"line":160,"column":4},"end":{"line":176,"column":5}},"52":{"start":{"line":161,"column":28},"end":{"line":161,"column":37}},"53":{"start":{"line":162,"column":27},"end":{"line":162,"column":37}},"54":{"start":{"line":166,"column":28},"end":{"line":166,"column":78}},"55":{"start":{"line":168,"column":8},"end":{"line":168,"column":null}},"56":{"start":{"line":168,"column":44},"end":{"line":168,"column":null}},"57":{"start":{"line":170,"column":8},"end":{"line":170,"column":57}},"58":{"start":{"line":175,"column":8},"end":{"line":175,"column":20}},"59":{"start":{"line":159,"column":13},"end":{"line":159,"column":26}}},"fnMap":{"0":{"name":"(anonymous_0)","decl":{"start":{"line":19,"column":26},"end":{"line":19,"column":31}},"loc":{"start":{"line":19,"column":110},"end":{"line":48,"column":1}}},"1":{"name":"(anonymous_1)","decl":{"start":{"line":60,"column":24},"end":{"line":60,"column":29}},"loc":{"start":{"line":60,"column":108},"end":{"line":107,"column":1}}},"2":{"name":"(anonymous_2)","decl":{"start":{"line":119,"column":26},"end":{"line":119,"column":31}},"loc":{"start":{"line":119,"column":110},"end":{"line":146,"column":1}}},"3":{"name":"(anonymous_3)","decl":{"start":{"line":159,"column":26},"end":{"line":159,"column":31}},"loc":{"start":{"line":159,"column":110},"end":{"line":177,"column":1}}}},"branchMap":{"0":{"loc":{"start":{"line":30,"column":8},"end":{"line":30,"column":54}},"type":"if","locations":[{"start":{"line":30,"column":8},"end":{"line":30,"column":54}}]},"1":{"loc":{"start":{"line":32,"column":8},"end":{"line":32,"column":47}},"type":"if","locations":[{"start":{"line":32,"column":8},"end":{"line":32,"column":47}}]},"2":{"loc":{"start":{"line":70,"column":8},"end":{"line":72,"column":9}},"type":"if","locations":[{"start":{"line":70,"column":8},"end":{"line":72,"column":9}}]},"3":{"loc":{"start":{"line":74,"column":8},"end":{"line":76,"column":9}},"type":"if","locations":[{"start":{"line":74,"column":8},"end":{"line":76,"column":9}}]},"4":{"loc":{"start":{"line":78,"column":8},"end":{"line":80,"column":9}},"type":"if","locations":[{"start":{"line":78,"column":8},"end":{"line":80,"column":9}}]},"5":{"loc":{"start":{"line":82,"column":8},"end":{"line":84,"column":9}},"type":"if","locations":[{"start":{"line":82,"column":8},"end":{"line":84,"column":9}}]},"6":{"loc":{"start":{"line":94,"column":8},"end":{"line":96,"column":9}},"type":"if","locations":[{"start":{"line":94,"column":8},"end":{"line":96,"column":9}}]},"7":{"loc":{"start":{"line":132,"column":8},"end":{"line":132,"column":79}},"type":"if","locations":[{"start":{"line":132,"column":8},"end":{"line":132,"column":79}}]},"8":{"loc":{"start":{"line":134,"column":8},"end":{"line":134,"column":81}},"type":"if","locations":[{"start":{"line":134,"column":8},"end":{"line":134,"column":81}}]},"9":{"loc":{"start":{"line":168,"column":8},"end":{"line":168,"column":null}},"type":"if","locations":[{"start":{"line":168,"column":8},"end":{"line":168,"column":null}}]}},"s":{"0":5,"1":5,"2":5,"3":5,"4":1,"5":1,"6":1,"7":1,"8":1,"9":0,"10":1,"11":0,"12":1,"13":1,"14":0,"15":5,"16":5,"17":2,"18":2,"19":2,"20":2,"21":2,"22":2,"23":2,"24":0,"25":2,"26":0,"27":2,"28":0,"29":2,"30":1,"31":2,"32":2,"33":1,"34":1,"35":0,"36":5,"37":5,"38":1,"39":1,"40":1,"41":1,"42":1,"43":1,"44":0,"45":1,"46":0,"47":1,"48":0,"49":5,"50":5,"51":1,"52":1,"53":1,"54":1,"55":1,"56":0,"57":1,"58":0,"59":5},"f":{"0":1,"1":2,"2":1,"3":1},"b":{"0":[0],"1":[0],"2":[0],"3":[0],"4":[0],"5":[1],"6":[1],"7":[0],"8":[0],"9":[0]}}
,"C:\\Users\\hp\\Desktop\\Software Development\\Projects\\notes-app\\backend\\src\\api\\controllers\\user.controller.ts": {"path":"C:\\Users\\hp\\Desktop\\Software Development\\Projects\\notes-app\\backend\\src\\api\\controllers\\user.controller.ts","statementMap":{"0":{"start":{"line":3,"column":0},"end":{"line":3,"column":33}},"1":{"start":{"line":4,"column":0},"end":{"line":4,"column":55}},"2":{"start":{"line":5,"column":0},"end":{"line":5,"column":48}},"3":{"start":{"line":15,"column":23},"end":{"line":38,"column":1}},"4":{"start":{"line":16,"column":4},"end":{"line":37,"column":5}},"5":{"start":{"line":17,"column":38},"end":{"line":17,"column":47}},"6":{"start":{"line":19,"column":21},"end":{"line":23,"column":38}},"7":{"start":{"line":25,"column":8},"end":{"line":25,"column":61}},"8":{"start":{"line":25,"column":19},"end":{"line":25,"column":61}},"9":{"start":{"line":28,"column":8},"end":{"line":32,"column":11}},"10":{"start":{"line":36,"column":8},"end":{"line":36,"column":20}},"11":{"start":{"line":15,"column":13},"end":{"line":15,"column":23}},"12":{"start":{"line":48,"column":30},"end":{"line":70,"column":1}},"13":{"start":{"line":49,"column":4},"end":{"line":69,"column":5}},"14":{"start":{"line":50,"column":38},"end":{"line":50,"column":47}},"15":{"start":{"line":52,"column":29},"end":{"line":52,"column":37}},"16":{"start":{"line":54,"column":21},"end":{"line":56,"column":null}},"17":{"start":{"line":59,"column":8},"end":{"line":59,"column":80}},"18":{"start":{"line":59,"column":37},"end":{"line":59,"column":80}},"19":{"start":{"line":61,"column":8},"end":{"line":61,"column":81}},"20":{"start":{"line":61,"column":38},"end":{"line":61,"column":81}},"21":{"start":{"line":63,"column":8},"end":{"line":63,"column":57}},"22":{"start":{"line":67,"column":8},"end":{"line":67,"column":20}},"23":{"start":{"line":48,"column":13},"end":{"line":48,"column":30}}},"fnMap":{"0":{"name":"(anonymous_0)","decl":{"start":{"line":15,"column":23},"end":{"line":15,"column":28}},"loc":{"start":{"line":15,"column":107},"end":{"line":38,"column":1}}},"1":{"name":"(anonymous_1)","decl":{"start":{"line":48,"column":30},"end":{"line":48,"column":35}},"loc":{"start":{"line":48,"column":115},"end":{"line":70,"column":1}}}},"branchMap":{"0":{"loc":{"start":{"line":25,"column":8},"end":{"line":25,"column":61}},"type":"if","locations":[{"start":{"line":25,"column":8},"end":{"line":25,"column":61}}]},"1":{"loc":{"start":{"line":59,"column":8},"end":{"line":59,"column":80}},"type":"if","locations":[{"start":{"line":59,"column":8},"end":{"line":59,"column":80}}]},"2":{"loc":{"start":{"line":61,"column":8},"end":{"line":61,"column":81}},"type":"if","locations":[{"start":{"line":61,"column":8},"end":{"line":61,"column":81}}]}},"s":{"0":5,"1":5,"2":5,"3":5,"4":1,"5":1,"6":1,"7":1,"8":0,"9":1,"10":0,"11":5,"12":5,"13":1,"14":1,"15":1,"16":1,"17":1,"18":0,"19":1,"20":0,"21":1,"22":0,"23":5},"f":{"0":1,"1":1},"b":{"0":[0],"1":[0],"2":[0]}}
,"C:\\Users\\hp\\Desktop\\Software Development\\Projects\\notes-app\\backend\\src\\api\\errors\\customErrors.ts": {"path":"C:\\Users\\hp\\Desktop\\Software Development\\Projects\\notes-app\\backend\\src\\api\\errors\\customErrors.ts","statementMap":{"0":{"start":{"line":1,"column":0},"end":{"line":1,"column":48}},"1":{"start":{"line":10,"column":8},"end":{"line":10,"column":23}},"2":{"start":{"line":11,"column":8},"end":{"line":11,"column":38}},"3":{"start":{"line":12,"column":8},"end":{"line":12,"column":50}},"4":{"start":{"line":5,"column":0},"end":{"line":5,"column":13}},"5":{"start":{"line":21,"column":8},"end":{"line":21,"column":23}},"6":{"start":{"line":22,"column":8},"end":{"line":22,"column":36}},"7":{"start":{"line":23,"column":8},"end":{"line":23,"column":48}},"8":{"start":{"line":16,"column":0},"end":{"line":16,"column":13}},"9":{"start":{"line":32,"column":8},"end":{"line":32,"column":23}},"10":{"start":{"line":33,"column":8},"end":{"line":33,"column":40}},"11":{"start":{"line":34,"column":8},"end":{"line":34,"column":48}},"12":{"start":{"line":27,"column":0},"end":{"line":27,"column":13}},"13":{"start":{"line":43,"column":8},"end":{"line":43,"column":23}},"14":{"start":{"line":44,"column":8},"end":{"line":44,"column":43}},"15":{"start":{"line":45,"column":8},"end":{"line":45,"column":51}},"16":{"start":{"line":38,"column":0},"end":{"line":38,"column":13}},"17":{"start":{"line":55,"column":8},"end":{"line":55,"column":23}},"18":{"start":{"line":56,"column":8},"end":{"line":56,"column":38}},"19":{"start":{"line":57,"column":8},"end":{"line":57,"column":50}},"20":{"start":{"line":58,"column":8},"end":{"line":58,"column":29}},"21":{"start":{"line":49,"column":0},"end":{"line":49,"column":13}}},"fnMap":{"0":{"name":"(anonymous_0)","decl":{"start":{"line":9,"column":4},"end":{"line":9,"column":16}},"loc":{"start":{"line":9,"column":31},"end":{"line":13,"column":5}}},"1":{"name":"(anonymous_1)","decl":{"start":{"line":20,"column":4},"end":{"line":20,"column":16}},"loc":{"start":{"line":20,"column":31},"end":{"line":24,"column":5}}},"2":{"name":"(anonymous_2)","decl":{"start":{"line":31,"column":4},"end":{"line":31,"column":16}},"loc":{"start":{"line":31,"column":31},"end":{"line":35,"column":5}}},"3":{"name":"(anonymous_3)","decl":{"start":{"line":42,"column":4},"end":{"line":42,"column":16}},"loc":{"start":{"line":42,"column":31},"end":{"line":46,"column":5}}},"4":{"name":"(anonymous_4)","decl":{"start":{"line":54,"column":4},"end":{"line":54,"column":16}},"loc":{"start":{"line":54,"column":58},"end":{"line":59,"column":5}}}},"branchMap":{},"s":{"0":5,"1":4,"2":4,"3":4,"4":5,"5":4,"6":4,"7":4,"8":5,"9":0,"10":0,"11":0,"12":5,"13":3,"14":3,"15":3,"16":5,"17":12,"18":12,"19":12,"20":12,"21":5},"f":{"0":4,"1":4,"2":0,"3":3,"4":12},"b":{}}
,"C:\\Users\\hp\\Desktop\\Software Development\\Projects\\notes-app\\backend\\src\\api\\helpers\\db_middlewares.ts": {"path":"C:\\Users\\hp\\Desktop\\Software Development\\Projects\\notes-app\\backend\\src\\api\\helpers\\db_middlewares.ts","statementMap":{"0":{"start":{"line":1,"column":0},"end":{"line":1,"column":28}},"1":{"start":{"line":13,"column":64},"end":{"line":23,"column":1}},"2":{"start":{"line":16,"column":4},"end":{"line":19,"column":5}},"3":{"start":{"line":17,"column":31},"end":{"line":17,"column":67}},"4":{"start":{"line":18,"column":8},"end":{"line":18,"column":39}},"5":{"start":{"line":21,"column":4},"end":{"line":21,"column":11}},"6":{"start":{"line":13,"column":13},"end":{"line":13,"column":64}}},"fnMap":{"0":{"name":"(anonymous_1)","decl":{"start":{"line":13,"column":64},"end":{"line":13,"column":69}},"loc":{"start":{"line":13,"column":100},"end":{"line":23,"column":1}}}},"branchMap":{"0":{"loc":{"start":{"line":16,"column":4},"end":{"line":19,"column":5}},"type":"if","locations":[{"start":{"line":16,"column":4},"end":{"line":19,"column":5}}]}},"s":{"0":5,"1":5,"2":22,"3":22,"4":22,"5":22,"6":5},"f":{"0":22},"b":{"0":[22]}}
,"C:\\Users\\hp\\Desktop\\Software Development\\Projects\\notes-app\\backend\\src\\api\\helpers\\jwt.ts": {"path":"C:\\Users\\hp\\Desktop\\Software Development\\Projects\\notes-app\\backend\\src\\api\\helpers\\jwt.ts","statementMap":{"0":{"start":{"line":1,"column":0},"end":{"line":1,"column":47}},"1":{"start":{"line":3,"column":0},"end":{"line":3,"column":52}},"2":{"start":{"line":11,"column":22},"end":{"line":24,"column":1}},"3":{"start":{"line":12,"column":4},"end":{"line":23,"column":5}},"4":{"start":{"line":13,"column":22},"end":{"line":16,"column":null}},"5":{"start":{"line":19,"column":8},"end":{"line":19,"column":21}},"6":{"start":{"line":22,"column":8},"end":{"line":22,"column":54}},"7":{"start":{"line":45,"column":4},"end":{"line":45,"column":17}},"8":{"start":{"line":32,"column":20},"end":{"line":42,"column":1}},"9":{"start":{"line":33,"column":4},"end":{"line":41,"column":5}},"10":{"start":{"line":35,"column":24},"end":{"line":35,"column":68}},"11":{"start":{"line":37,"column":8},"end":{"line":37,"column":23}},"12":{"start":{"line":40,"column":8},"end":{"line":40,"column":54}},"13":{"start":{"line":46,"column":4},"end":{"line":46,"column":15}}},"fnMap":{"0":{"name":"(anonymous_1)","decl":{"start":{"line":11,"column":22},"end":{"line":11,"column":23}},"loc":{"start":{"line":11,"column":54},"end":{"line":24,"column":1}}},"1":{"name":"(anonymous_2)","decl":{"start":{"line":32,"column":20},"end":{"line":32,"column":21}},"loc":{"start":{"line":32,"column":50},"end":{"line":42,"column":1}}}},"branchMap":{},"s":{"0":5,"1":5,"2":5,"3":23,"4":23,"5":23,"6":0,"7":5,"8":5,"9":21,"10":21,"11":21,"12":0,"13":5},"f":{"0":23,"1":21},"b":{}}
,"C:\\Users\\hp\\Desktop\\Software Development\\Projects\\notes-app\\backend\\src\\api\\middlewares\\auth-middleware.ts": {"path":"C:\\Users\\hp\\Desktop\\Software Development\\Projects\\notes-app\\backend\\src\\api\\middlewares\\auth-middleware.ts","statementMap":{"0":{"start":{"line":2,"column":0},"end":{"line":2,"column":45}},"1":{"start":{"line":3,"column":0},"end":{"line":3,"column":62}},"2":{"start":{"line":25,"column":31},"end":{"line":45,"column":1}},"3":{"start":{"line":26,"column":4},"end":{"line":44,"column":5}},"4":{"start":{"line":27,"column":22},"end":{"line":27,"column":47}},"5":{"start":{"line":29,"column":8},"end":{"line":31,"column":9}},"6":{"start":{"line":30,"column":12},"end":{"line":30,"column":97}},"7":{"start":{"line":32,"column":24},"end":{"line":32,"column":60}},"8":{"start":{"line":34,"column":8},"end":{"line":36,"column":9}},"9":{"start":{"line":35,"column":12},"end":{"line":35,"column":45}},"10":{"start":{"line":38,"column":8},"end":{"line":38,"column":27}},"11":{"start":{"line":40,"column":8},"end":{"line":40,"column":15}},"12":{"start":{"line":43,"column":8},"end":{"line":43,"column":20}},"13":{"start":{"line":25,"column":13},"end":{"line":25,"column":31}}},"fnMap":{"0":{"name":"(anonymous_0)","decl":{"start":{"line":25,"column":31},"end":{"line":25,"column":36}},"loc":{"start":{"line":25,"column":90},"end":{"line":45,"column":1}}}},"branchMap":{"0":{"loc":{"start":{"line":29,"column":8},"end":{"line":31,"column":9}},"type":"if","locations":[{"start":{"line":29,"column":8},"end":{"line":31,"column":9}}]},"1":{"loc":{"start":{"line":34,"column":8},"end":{"line":36,"column":9}},"type":"if","locations":[{"start":{"line":34,"column":8},"end":{"line":36,"column":9}}]},"2":{"loc":{"start":{"line":34,"column":11},"end":{"line":34,"column":48}},"type":"binary-expr","locations":[{"start":{"line":34,"column":11},"end":{"line":34,"column":26}},{"start":{"line":34,"column":30},"end":{"line":34,"column":48}}]}},"s":{"0":5,"1":5,"2":5,"3":24,"4":24,"5":24,"6":3,"7":21,"8":21,"9":0,"10":21,"11":21,"12":3,"13":5},"f":{"0":24},"b":{"0":[3],"1":[0],"2":[21,21]}}
,"C:\\Users\\hp\\Desktop\\Software Development\\Projects\\notes-app\\backend\\src\\api\\middlewares\\errror-handler-middleware.ts": {"path":"C:\\Users\\hp\\Desktop\\Software Development\\Projects\\notes-app\\backend\\src\\api\\middlewares\\errror-handler-middleware.ts","statementMap":{"0":{"start":{"line":3,"column":0},"end":{"line":3,"column":48}},"1":{"start":{"line":12,"column":21},"end":{"line":28,"column":1}},"2":{"start":{"line":16,"column":23},"end":{"line":16,"column":76}},"3":{"start":{"line":17,"column":20},"end":{"line":17,"column":73}},"4":{"start":{"line":18,"column":17},"end":{"line":18,"column":45}},"5":{"start":{"line":19,"column":19},"end":{"line":19,"column":75}},"6":{"start":{"line":22,"column":4},"end":{"line":27,"column":7}},"7":{"start":{"line":32,"column":0},"end":{"line":32,"column":28}}},"fnMap":{"0":{"name":"(anonymous_0)","decl":{"start":{"line":12,"column":21},"end":{"line":12,"column":22}},"loc":{"start":{"line":12,"column":93},"end":{"line":28,"column":1}}}},"branchMap":{"0":{"loc":{"start":{"line":16,"column":23},"end":{"line":16,"column":76}},"type":"binary-expr","locations":[{"start":{"line":16,"column":23},"end":{"line":16,"column":39}},{"start":{"line":16,"column":43},"end":{"line":16,"column":76}}]},"1":{"loc":{"start":{"line":17,"column":20},"end":{"line":17,"column":73}},"type":"binary-expr","locations":[{"start":{"line":17,"column":20},"end":{"line":17,"column":33}},{"start":{"line":17,"column":37},"end":{"line":17,"column":73}}]},"2":{"loc":{"start":{"line":18,"column":17},"end":{"line":18,"column":45}},"type":"binary-expr","locations":[{"start":{"line":18,"column":17},"end":{"line":18,"column":27}},{"start":{"line":18,"column":31},"end":{"line":18,"column":45}}]},"3":{"loc":{"start":{"line":19,"column":19},"end":{"line":19,"column":75}},"type":"cond-expr","locations":[{"start":{"line":19,"column":56},"end":{"line":19,"column":68}},{"start":{"line":19,"column":71},"end":{"line":19,"column":75}}]}},"s":{"0":5,"1":5,"2":17,"3":17,"4":17,"5":17,"6":17,"7":5},"f":{"0":17},"b":{"0":[17,0],"1":[17,0],"2":[17,0],"3":[12,5]}}
,"C:\\Users\\hp\\Desktop\\Software Development\\Projects\\notes-app\\backend\\src\\api\\middlewares\\index.ts": {"path":"C:\\Users\\hp\\Desktop\\Software Development\\Projects\\notes-app\\backend\\src\\api\\middlewares\\index.ts","statementMap":{"0":{"start":{"line":1,"column":0},"end":{"line":1,"column":9}},"1":{"start":{"line":8,"column":4},"end":{"line":1,"column":53}},"2":{"start":{"line":2,"column":0},"end":{"line":2,"column":7}},"3":{"start":{"line":9,"column":4},"end":{"line":2,"column":55}},"4":{"start":{"line":3,"column":0},"end":{"line":3,"column":9}},"5":{"start":{"line":11,"column":4},"end":{"line":3,"column":56}},"6":{"start":{"line":4,"column":0},"end":{"line":4,"column":7}},"7":{"start":{"line":10,"column":4},"end":{"line":4,"column":56}}},"fnMap":{"0":{"name":"(anonymous_1)","decl":{"start":{"line":8,"column":4},"end":{"line":8,"column":20}},"loc":{"start":{"line":8,"column":4},"end":{"line":1,"column":53}}},"1":{"name":"(anonymous_2)","decl":{"start":{"line":11,"column":4},"end":{"line":11,"column":19}},"loc":{"start":{"line":11,"column":4},"end":{"line":3,"column":56}}}},"branchMap":{},"s":{"0":5,"1":20,"2":5,"3":5,"4":5,"5":10,"6":5,"7":5},"f":{"0":15,"1":5},"b":{}}
,"C:\\Users\\hp\\Desktop\\Software Development\\Projects\\notes-app\\backend\\src\\api\\middlewares\\notFound-middleware.ts": {"path":"C:\\Users\\hp\\Desktop\\Software Development\\Projects\\notes-app\\backend\\src\\api\\middlewares\\notFound-middleware.ts","statementMap":{"0":{"start":{"line":2,"column":0},"end":{"line":2,"column":55}},"1":{"start":{"line":4,"column":31},"end":{"line":8,"column":1}},"2":{"start":{"line":5,"column":18},"end":{"line":5,"column":147}},"3":{"start":{"line":7,"column":4},"end":{"line":7,"column":16}},"4":{"start":{"line":4,"column":13},"end":{"line":4,"column":31}}},"fnMap":{"0":{"name":"(anonymous_0)","decl":{"start":{"line":4,"column":31},"end":{"line":4,"column":32}},"loc":{"start":{"line":4,"column":83},"end":{"line":8,"column":1}}}},"branchMap":{},"s":{"0":5,"1":5,"2":0,"3":0,"4":5},"f":{"0":0},"b":{}}
,"C:\\Users\\hp\\Desktop\\Software Development\\Projects\\notes-app\\backend\\src\\api\\middlewares\\validation-middleware.ts": {"path":"C:\\Users\\hp\\Desktop\\Software Development\\Projects\\notes-app\\backend\\src\\api\\middlewares\\validation-middleware.ts","statementMap":{"0":{"start":{"line":2,"column":0},"end":{"line":2,"column":53}},"1":{"start":{"line":3,"column":0},"end":{"line":3,"column":63}},"2":{"start":{"line":11,"column":26},"end":{"line":19,"column":1}},"3":{"start":{"line":12,"column":19},"end":{"line":12,"column":40}},"4":{"start":{"line":14,"column":4},"end":{"line":16,"column":5}},"5":{"start":{"line":15,"column":8},"end":{"line":15,"column":72}},"6":{"start":{"line":18,"column":4},"end":{"line":18,"column":11}},"7":{"start":{"line":21,"column":0},"end":{"line":21,"column":33}}},"fnMap":{"0":{"name":"(anonymous_0)","decl":{"start":{"line":11,"column":26},"end":{"line":11,"column":27}},"loc":{"start":{"line":11,"column":78},"end":{"line":19,"column":1}}}},"branchMap":{"0":{"loc":{"start":{"line":14,"column":4},"end":{"line":16,"column":5}},"type":"if","locations":[{"start":{"line":14,"column":4},"end":{"line":16,"column":5}}]}},"s":{"0":5,"1":5,"2":5,"3":24,"4":24,"5":12,"6":12,"7":5},"f":{"0":24},"b":{"0":[12]}}
,"C:\\Users\\hp\\Desktop\\Software Development\\Projects\\notes-app\\backend\\src\\api\\models\\category.model.ts": {"path":"C:\\Users\\hp\\Desktop\\Software Development\\Projects\\notes-app\\backend\\src\\api\\models\\category.model.ts","statementMap":{"0":{"start":{"line":1,"column":0},"end":{"line":1,"column":61}},"1":{"start":{"line":5,"column":23},"end":{"line":16,"column":2}},"2":{"start":{"line":19,"column":17},"end":{"line":19,"column":73}},"3":{"start":{"line":22,"column":0},"end":{"line":22,"column":24}}},"fnMap":{},"branchMap":{},"s":{"0":5,"1":5,"2":5,"3":5},"f":{},"b":{}}
,"C:\\Users\\hp\\Desktop\\Software Development\\Projects\\notes-app\\backend\\src\\api\\models\\index.ts": {"path":"C:\\Users\\hp\\Desktop\\Software Development\\Projects\\notes-app\\backend\\src\\api\\models\\index.ts","statementMap":{"0":{"start":{"line":1,"column":0},"end":{"line":1,"column":7}},"1":{"start":{"line":6,"column":4},"end":{"line":1,"column":32}},"2":{"start":{"line":2,"column":0},"end":{"line":2,"column":7}},"3":{"start":{"line":7,"column":4},"end":{"line":2,"column":40}},"4":{"start":{"line":3,"column":0},"end":{"line":3,"column":7}},"5":{"start":{"line":8,"column":4},"end":{"line":3,"column":32}}},"fnMap":{},"branchMap":{},"s":{"0":5,"1":5,"2":5,"3":5,"4":5,"5":5},"f":{},"b":{}}
,"C:\\Users\\hp\\Desktop\\Software Development\\Projects\\notes-app\\backend\\src\\api\\models\\note.model.ts": {"path":"C:\\Users\\hp\\Desktop\\Software Development\\Projects\\notes-app\\backend\\src\\api\\models\\note.model.ts","statementMap":{"0":{"start":{"line":1,"column":0},"end":{"line":1,"column":61}},"1":{"start":{"line":7,"column":19},"end":{"line":42,"column":2}},"2":{"start":{"line":45,"column":13},"end":{"line":45,"column":63}},"3":{"start":{"line":48,"column":0},"end":{"line":48,"column":20}}},"fnMap":{},"branchMap":{},"s":{"0":5,"1":5,"2":5,"3":5},"f":{},"b":{}}
,"C:\\Users\\hp\\Desktop\\Software Development\\Projects\\notes-app\\backend\\src\\api\\models\\user.model.ts": {"path":"C:\\Users\\hp\\Desktop\\Software Development\\Projects\\notes-app\\backend\\src\\api\\models\\user.model.ts","statementMap":{"0":{"start":{"line":1,"column":0},"end":{"line":1,"column":61}},"1":{"start":{"line":4,"column":0},"end":{"line":4,"column":57}},"2":{"start":{"line":7,"column":19},"end":{"line":27,"column":2}},"3":{"start":{"line":32,"column":0},"end":{"line":32,"column":44}},"4":{"start":{"line":36,"column":13},"end":{"line":36,"column":56}},"5":{"start":{"line":40,"column":0},"end":{"line":40,"column":20}}},"fnMap":{},"branchMap":{},"s":{"0":5,"1":5,"2":5,"3":5,"4":5,"5":5},"f":{},"b":{}}
,"C:\\Users\\hp\\Desktop\\Software Development\\Projects\\notes-app\\backend\\src\\api\\routes\\auth.routes.ts": {"path":"C:\\Users\\hp\\Desktop\\Software Development\\Projects\\notes-app\\backend\\src\\api\\routes\\auth.routes.ts","statementMap":{"0":{"start":{"line":1,"column":0},"end":{"line":1,"column":33}},"1":{"start":{"line":2,"column":0},"end":{"line":2,"column":69}},"2":{"start":{"line":3,"column":0},"end":{"line":3,"column":97}},"3":{"start":{"line":4,"column":0},"end":{"line":4,"column":51}},"4":{"start":{"line":6,"column":15},"end":{"line":6,"column":23}},"5":{"start":{"line":8,"column":0},"end":{"line":10,"column":70}},"6":{"start":{"line":12,"column":0},"end":{"line":14,"column":59}},"7":{"start":{"line":16,"column":0},"end":{"line":18,"column":22}},"8":{"start":{"line":21,"column":0},"end":{"line":21,"column":22}}},"fnMap":{},"branchMap":{},"s":{"0":5,"1":5,"2":5,"3":5,"4":5,"5":5,"6":5,"7":5,"8":5},"f":{},"b":{}}
,"C:\\Users\\hp\\Desktop\\Software Development\\Projects\\notes-app\\backend\\src\\api\\routes\\category.routes.ts": {"path":"C:\\Users\\hp\\Desktop\\Software Development\\Projects\\notes-app\\backend\\src\\api\\routes\\category.routes.ts","statementMap":{"0":{"start":{"line":1,"column":0},"end":{"line":1,"column":33}},"1":{"start":{"line":2,"column":0},"end":{"line":2,"column":100}},"2":{"start":{"line":3,"column":0},"end":{"line":3,"column":137}},"3":{"start":{"line":4,"column":0},"end":{"line":4,"column":51}},"4":{"start":{"line":6,"column":15},"end":{"line":6,"column":23}},"5":{"start":{"line":9,"column":0},"end":{"line":12,"column":null}},"6":{"start":{"line":15,"column":0},"end":{"line":18,"column":76}},"7":{"start":{"line":21,"column":0},"end":{"line":21,"column":22}}},"fnMap":{},"branchMap":{},"s":{"0":5,"1":5,"2":5,"3":5,"4":5,"5":5,"6":5,"7":5},"f":{},"b":{}}
,"C:\\Users\\hp\\Desktop\\Software Development\\Projects\\notes-app\\backend\\src\\api\\routes\\index.ts": {"path":"C:\\Users\\hp\\Desktop\\Software Development\\Projects\\notes-app\\backend\\src\\api\\routes\\index.ts","statementMap":{"0":{"start":{"line":1,"column":0},"end":{"line":1,"column":7}},"1":{"start":{"line":24,"column":4},"end":{"line":1,"column":39}},"2":{"start":{"line":2,"column":0},"end":{"line":2,"column":7}},"3":{"start":{"line":25,"column":4},"end":{"line":2,"column":38}},"4":{"start":{"line":3,"column":0},"end":{"line":3,"column":7}},"5":{"start":{"line":26,"column":4},"end":{"line":3,"column":46}},"6":{"start":{"line":4,"column":0},"end":{"line":4,"column":7}},"7":{"start":{"line":27,"column":4},"end":{"line":4,"column":38}},"8":{"start":{"line":5,"column":0},"end":{"line":5,"column":47}},"9":{"start":{"line":8,"column":23},"end":{"line":21,"column":1}},"10":{"start":{"line":9,"column":4},"end":{"line":20,"column":7}},"11":{"start":{"line":28,"column":4},"end":{"line":28,"column":18}}},"fnMap":{"0":{"name":"(anonymous_1)","decl":{"start":{"line":8,"column":23},"end":{"line":8,"column":24}},"loc":{"start":{"line":8,"column":55},"end":{"line":21,"column":1}}}},"branchMap":{},"s":{"0":5,"1":5,"2":5,"3":5,"4":5,"5":5,"6":5,"7":5,"8":5,"9":5,"10":3,"11":5},"f":{"0":3},"b":{}}
,"C:\\Users\\hp\\Desktop\\Software Development\\Projects\\notes-app\\backend\\src\\api\\routes\\note.routes.ts": {"path":"C:\\Users\\hp\\Desktop\\Software Development\\Projects\\notes-app\\backend\\src\\api\\routes\\note.routes.ts","statementMap":{"0":{"start":{"line":1,"column":0},"end":{"line":1,"column":33}},"1":{"start":{"line":2,"column":0},"end":{"line":2,"column":78}},"2":{"start":{"line":3,"column":0},"end":{"line":3,"column":148}},"3":{"start":{"line":4,"column":0},"end":{"line":4,"column":51}},"4":{"start":{"line":6,"column":15},"end":{"line":6,"column":23}},"5":{"start":{"line":8,"column":0},"end":{"line":10,"column":null}},"6":{"start":{"line":12,"column":0},"end":{"line":15,"column":68}},"7":{"start":{"line":18,"column":0},"end":{"line":20,"column":67}},"8":{"start":{"line":23,"column":0},"end":{"line":23,"column":22}}},"fnMap":{},"branchMap":{},"s":{"0":5,"1":5,"2":5,"3":5,"4":5,"5":5,"6":5,"7":5,"8":5},"f":{},"b":{}}
,"C:\\Users\\hp\\Desktop\\Software Development\\Projects\\notes-app\\backend\\src\\api\\routes\\user.routes.ts": {"path":"C:\\Users\\hp\\Desktop\\Software Development\\Projects\\notes-app\\backend\\src\\api\\routes\\user.routes.ts","statementMap":{"0":{"start":{"line":1,"column":0},"end":{"line":1,"column":33}},"1":{"start":{"line":2,"column":0},"end":{"line":2,"column":57}},"2":{"start":{"line":3,"column":0},"end":{"line":3,"column":79}},"3":{"start":{"line":4,"column":0},"end":{"line":4,"column":51}},"4":{"start":{"line":6,"column":15},"end":{"line":6,"column":23}},"5":{"start":{"line":8,"column":0},"end":{"line":11,"column":75}},"6":{"start":{"line":13,"column":0},"end":{"line":13,"column":22}}},"fnMap":{},"branchMap":{},"s":{"0":5,"1":5,"2":5,"3":5,"4":5,"5":5,"6":5},"f":{},"b":{}}
,"C:\\Users\\hp\\Desktop\\Software Development\\Projects\\notes-app\\backend\\src\\api\\tests\\test-helpers.ts": {"path":"C:\\Users\\hp\\Desktop\\Software Development\\Projects\\notes-app\\backend\\src\\api\\tests\\test-helpers.ts","statementMap":{"0":{"start":{"line":4,"column":0},"end":{"line":4,"column":49}},"1":{"start":{"line":7,"column":26},"end":{"line":20,"column":1}},"2":{"start":{"line":8,"column":21},"end":{"line":13,"column":8}},"3":{"start":{"line":14,"column":6},"end":{"line":14,"column":28}},"4":{"start":{"line":16,"column":19},"end":{"line":16,"column":31}},"5":{"start":{"line":17,"column":22},"end":{"line":17,"column":36}},"6":{"start":{"line":19,"column":4},"end":{"line":19,"column":null}},"7":{"start":{"line":7,"column":13},"end":{"line":7,"column":26}},"8":{"start":{"line":24,"column":34},"end":{"line":38,"column":1}},"9":{"start":{"line":26,"column":19},"end":{"line":26,"column":24}},"10":{"start":{"line":28,"column":25},"end":{"line":31,"column":6}},"11":{"start":{"line":33,"column":4},"end":{"line":33,"column":30}},"12":{"start":{"line":35,"column":23},"end":{"line":35,"column":39}},"13":{"start":{"line":37,"column":4},"end":{"line":37,"column":22}},"14":{"start":{"line":24,"column":13},"end":{"line":24,"column":34}},"15":{"start":{"line":40,"column":30},"end":{"line":53,"column":1}},"16":{"start":{"line":42,"column":19},"end":{"line":42,"column":24}},"17":{"start":{"line":43,"column":21},"end":{"line":46,"column":6}},"18":{"start":{"line":48,"column":4},"end":{"line":48,"column":26}},"19":{"start":{"line":50,"column":19},"end":{"line":50,"column":31}},"20":{"start":{"line":52,"column":4},"end":{"line":52,"column":18}},"21":{"start":{"line":40,"column":13},"end":{"line":40,"column":30}}},"fnMap":{"0":{"name":"(anonymous_0)","decl":{"start":{"line":7,"column":26},"end":{"line":7,"column":31}},"loc":{"start":{"line":7,"column":37},"end":{"line":20,"column":1}}},"1":{"name":"(anonymous_1)","decl":{"start":{"line":24,"column":34},"end":{"line":24,"column":39}},"loc":{"start":{"line":24,"column":58},"end":{"line":38,"column":1}}},"2":{"name":"(anonymous_2)","decl":{"start":{"line":40,"column":30},"end":{"line":40,"column":35}},"loc":{"start":{"line":40,"column":54},"end":{"line":53,"column":1}}}},"branchMap":{},"s":{"0":3,"1":3,"2":21,"3":21,"4":21,"5":21,"6":21,"7":3,"8":3,"9":6,"10":6,"11":6,"12":6,"13":6,"14":3,"15":3,"16":5,"17":5,"18":5,"19":5,"20":5,"21":3},"f":{"0":21,"1":6,"2":5},"b":{}}
,"C:\\Users\\hp\\Desktop\\Software Development\\Projects\\notes-app\\backend\\src\\api\\validation\\validation-schemas.ts": {"path":"C:\\Users\\hp\\Desktop\\Software Development\\Projects\\notes-app\\backend\\src\\api\\validation\\validation-schemas.ts","statementMap":{"0":{"start":{"line":1,"column":0},"end":{"line":1,"column":55}},"1":{"start":{"line":2,"column":0},"end":{"line":2,"column":147}},"2":{"start":{"line":11,"column":30},"end":{"line":21,"column":1}},"3":{"start":{"line":12,"column":4},"end":{"line":20,"column":null}},"4":{"start":{"line":28,"column":13},"end":{"line":47,"column":2}},"5":{"start":{"line":54,"column":13},"end":{"line":70,"column":2}},"6":{"start":{"line":80,"column":13},"end":{"line":84,"column":2}},"7":{"start":{"line":92,"column":13},"end":{"line":101,"column":2}},"8":{"start":{"line":108,"column":13},"end":{"line":121,"column":2}},"9":{"start":{"line":129,"column":13},"end":{"line":135,"column":2}},"10":{"start":{"line":144,"column":13},"end":{"line":164,"column":2}},"11":{"start":{"line":172,"column":13},"end":{"line":198,"column":2}},"12":{"start":{"line":206,"column":13},"end":{"line":225,"column":2}},"13":{"start":{"line":233,"column":13},"end":{"line":239,"column":2}}},"fnMap":{"0":{"name":"(anonymous_0)","decl":{"start":{"line":11,"column":30},"end":{"line":11,"column":33}},"loc":{"start":{"line":11,"column":35},"end":{"line":21,"column":1}}}},"branchMap":{},"s":{"0":5,"1":5,"2":5,"3":15,"4":5,"5":5,"6":5,"7":5,"8":5,"9":5,"10":5,"11":5,"12":5,"13":5},"f":{"0":15},"b":{}}
,"C:\\Users\\hp\\Desktop\\Software Development\\Projects\\notes-app\\backend\\src\\api\\validation\\validators.ts": {"path":"C:\\Users\\hp\\Desktop\\Software Development\\Projects\\notes-app\\backend\\src\\api\\validation\\validators.ts","statementMap":{"0":{"start":{"line":1,"column":0},"end":{"line":1,"column":33}},"1":{"start":{"line":2,"column":0},"end":{"line":2,"column":91}},"2":{"start":{"line":3,"column":0},"end":{"line":3,"column":49}},"3":{"start":{"line":12,"column":50},"end":{"line":17,"column":1}},"4":{"start":{"line":13,"column":27},"end":{"line":13,"column":69}},"5":{"start":{"line":14,"column":4},"end":{"line":16,"column":5}},"6":{"start":{"line":15,"column":8},"end":{"line":15,"column":56}},"7":{"start":{"line":12,"column":13},"end":{"line":12,"column":50}},"8":{"start":{"line":24,"column":47},"end":{"line":30,"column":1}},"9":{"start":{"line":25,"column":24},"end":{"line":25,"column":60}},"10":{"start":{"line":27,"column":4},"end":{"line":29,"column":5}},"11":{"start":{"line":28,"column":8},"end":{"line":28,"column":58}},"12":{"start":{"line":24,"column":13},"end":{"line":24,"column":47}},"13":{"start":{"line":44,"column":52},"end":{"line":63,"column":1}},"14":{"start":{"line":47,"column":23},"end":{"line":47,"column":32}},"15":{"start":{"line":49,"column":29},"end":{"line":49,"column":63}},"16":{"start":{"line":51,"column":4},"end":{"line":51,"column":67}},"17":{"start":{"line":51,"column":27},"end":{"line":51,"column":67}},"18":{"start":{"line":53,"column":21},"end":{"line":55,"column":6}},"19":{"start":{"line":57,"column":4},"end":{"line":57,"column":64}},"20":{"start":{"line":57,"column":18},"end":{"line":57,"column":64}},"21":{"start":{"line":59,"column":20},"end":{"line":59,"column":85}},"22":{"start":{"line":61,"column":4},"end":{"line":61,"column":94}},"23":{"start":{"line":61,"column":18},"end":{"line":61,"column":94}},"24":{"start":{"line":44,"column":13},"end":{"line":44,"column":52}},"25":{"start":{"line":78,"column":48},"end":{"line":97,"column":1}},"26":{"start":{"line":81,"column":23},"end":{"line":81,"column":33}},"27":{"start":{"line":83,"column":29},"end":{"line":83,"column":59}},"28":{"start":{"line":85,"column":4},"end":{"line":85,"column":67}},"29":{"start":{"line":85,"column":27},"end":{"line":85,"column":67}},"30":{"start":{"line":87,"column":17},"end":{"line":89,"column":6}},"31":{"start":{"line":91,"column":4},"end":{"line":91,"column":56}},"32":{"start":{"line":91,"column":14},"end":{"line":91,"column":56}},"33":{"start":{"line":93,"column":20},"end":{"line":93,"column":81}},"34":{"start":{"line":95,"column":4},"end":{"line":95,"column":94}},"35":{"start":{"line":95,"column":18},"end":{"line":95,"column":94}},"36":{"start":{"line":78,"column":13},"end":{"line":78,"column":48}},"37":{"start":{"line":108,"column":54},"end":{"line":136,"column":1}},"38":{"start":{"line":112,"column":25},"end":{"line":112,"column":33}},"39":{"start":{"line":114,"column":26},"end":{"line":114,"column":68}},"40":{"start":{"line":116,"column":4},"end":{"line":120,"column":5}},"41":{"start":{"line":117,"column":8},"end":{"line":119,"column":10}},"42":{"start":{"line":122,"column":4},"end":{"line":124,"column":5}},"43":{"start":{"line":123,"column":8},"end":{"line":123,"column":68}},"44":{"start":{"line":126,"column":4},"end":{"line":135,"column":5}},"45":{"start":{"line":127,"column":29},"end":{"line":127,"column":52}},"46":{"start":{"line":129,"column":8},"end":{"line":133,"column":9}},"47":{"start":{"line":130,"column":12},"end":{"line":132,"column":14}},"48":{"start":{"line":108,"column":13},"end":{"line":108,"column":54}},"49":{"start":{"line":143,"column":52},"end":{"line":154,"column":1}},"50":{"start":{"line":146,"column":29},"end":{"line":146,"column":63}},"51":{"start":{"line":147,"column":20},"end":{"line":147,"column":55}},"52":{"start":{"line":149,"column":4},"end":{"line":153,"column":7}},"53":{"start":{"line":150,"column":8},"end":{"line":152,"column":9}},"54":{"start":{"line":151,"column":12},"end":{"line":151,"column":126}},"55":{"start":{"line":143,"column":13},"end":{"line":143,"column":52}}},"fnMap":{"0":{"name":"(anonymous_0)","decl":{"start":{"line":12,"column":50},"end":{"line":12,"column":55}},"loc":{"start":{"line":12,"column":77},"end":{"line":17,"column":1}}},"1":{"name":"(anonymous_1)","decl":{"start":{"line":24,"column":47},"end":{"line":24,"column":52}},"loc":{"start":{"line":24,"column":71},"end":{"line":30,"column":1}}},"2":{"name":"(anonymous_2)","decl":{"start":{"line":44,"column":52},"end":{"line":44,"column":57}},"loc":{"start":{"line":46,"column":4},"end":{"line":63,"column":1}}},"3":{"name":"(anonymous_3)","decl":{"start":{"line":78,"column":48},"end":{"line":78,"column":53}},"loc":{"start":{"line":80,"column":4},"end":{"line":97,"column":1}}},"4":{"name":"(anonymous_4)","decl":{"start":{"line":108,"column":54},"end":{"line":108,"column":59}},"loc":{"start":{"line":110,"column":4},"end":{"line":136,"column":1}}},"5":{"name":"(anonymous_5)","decl":{"start":{"line":143,"column":52},"end":{"line":143,"column":57}},"loc":{"start":{"line":145,"column":4},"end":{"line":154,"column":1}}},"6":{"name":"(anonymous_6)","decl":{"start":{"line":149,"column":21},"end":{"line":149,"column":26}},"loc":{"start":{"line":149,"column":29},"end":{"line":153,"column":5}}}},"branchMap":{"0":{"loc":{"start":{"line":14,"column":4},"end":{"line":16,"column":5}},"type":"if","locations":[{"start":{"line":14,"column":4},"end":{"line":16,"column":5}}]},"1":{"loc":{"start":{"line":27,"column":4},"end":{"line":29,"column":5}},"type":"if","locations":[{"start":{"line":27,"column":4},"end":{"line":29,"column":5}}]},"2":{"loc":{"start":{"line":51,"column":4},"end":{"line":51,"column":67}},"type":"if","locations":[{"start":{"line":51,"column":4},"end":{"line":51,"column":67}}]},"3":{"loc":{"start":{"line":57,"column":4},"end":{"line":57,"column":64}},"type":"if","locations":[{"start":{"line":57,"column":4},"end":{"line":57,"column":64}}]},"4":{"loc":{"start":{"line":61,"column":4},"end":{"line":61,"column":94}},"type":"if","locations":[{"start":{"line":61,"column":4},"end":{"line":61,"column":94}}]},"5":{"loc":{"start":{"line":85,"column":4},"end":{"line":85,"column":67}},"type":"if","locations":[{"start":{"line":85,"column":4},"end":{"line":85,"column":67}}]},"6":{"loc":{"start":{"line":91,"column":4},"end":{"line":91,"column":56}},"type":"if","locations":[{"start":{"line":91,"column":4},"end":{"line":91,"column":56}}]},"7":{"loc":{"start":{"line":95,"column":4},"end":{"line":95,"column":94}},"type":"if","locations":[{"start":{"line":95,"column":4},"end":{"line":95,"column":94}}]},"8":{"loc":{"start":{"line":116,"column":4},"end":{"line":120,"column":5}},"type":"if","locations":[{"start":{"line":116,"column":4},"end":{"line":120,"column":5}}]},"9":{"loc":{"start":{"line":122,"column":4},"end":{"line":124,"column":5}},"type":"if","locations":[{"start":{"line":122,"column":4},"end":{"line":124,"column":5}}]},"10":{"loc":{"start":{"line":122,"column":8},"end":{"line":122,"column":57}},"type":"binary-expr","locations":[{"start":{"line":122,"column":8},"end":{"line":122,"column":36}},{"start":{"line":122,"column":40},"end":{"line":122,"column":57}}]},"11":{"loc":{"start":{"line":126,"column":4},"end":{"line":135,"column":5}},"type":"if","locations":[{"start":{"line":126,"column":4},"end":{"line":135,"column":5}}]},"12":{"loc":{"start":{"line":129,"column":8},"end":{"line":133,"column":9}},"type":"if","locations":[{"start":{"line":129,"column":8},"end":{"line":133,"column":9}}]},"13":{"loc":{"start":{"line":147,"column":20},"end":{"line":147,"column":55}},"type":"binary-expr","locations":[{"start":{"line":147,"column":20},"end":{"line":147,"column":29}},{"start":{"line":147,"column":33},"end":{"line":147,"column":55}}]},"14":{"loc":{"start":{"line":150,"column":8},"end":{"line":152,"column":9}},"type":"if","locations":[{"start":{"line":150,"column":8},"end":{"line":152,"column":9}}]}},"s":{"0":5,"1":5,"2":5,"3":5,"4":4,"5":4,"6":1,"7":5,"8":5,"9":2,"10":2,"11":1,"12":5,"13":5,"14":5,"15":5,"16":5,"17":1,"18":4,"19":4,"20":1,"21":3,"22":3,"23":0,"24":5,"25":5,"26":5,"27":5,"28":5,"29":0,"30":5,"31":5,"32":1,"33":4,"34":4,"35":0,"36":5,"37":5,"38":2,"39":2,"40":2,"41":0,"42":2,"43":0,"44":2,"45":0,"46":0,"47":0,"48":5,"49":5,"50":3,"51":3,"52":3,"53":1,"54":1,"55":5},"f":{"0":4,"1":2,"2":5,"3":5,"4":2,"5":3,"6":1},"b":{"0":[1],"1":[1],"2":[1],"3":[1],"4":[0],"5":[0],"6":[1],"7":[0],"8":[0],"9":[0],"10":[2,0],"11":[0],"12":[0],"13":[3,3],"14":[1]}}
,"C:\\Users\\hp\\Desktop\\Software Development\\Projects\\notes-app\\backend\\src\\config\\constants.ts": {"path":"C:\\Users\\hp\\Desktop\\Software Development\\Projects\\notes-app\\backend\\src\\config\\constants.ts","statementMap":{"0":{"start":{"line":1,"column":0},"end":{"line":1,"column":28}},"1":{"start":{"line":4,"column":0},"end":{"line":4,"column":16}},"2":{"start":{"line":7,"column":13},"end":{"line":7,"column":37}},"3":{"start":{"line":23,"column":2},"end":{"line":23,"column":6}},"4":{"start":{"line":8,"column":28},"end":{"line":8,"column":59}},"5":{"start":{"line":24,"column":2},"end":{"line":24,"column":21}},"6":{"start":{"line":9,"column":29},"end":{"line":9,"column":54}},"7":{"start":{"line":25,"column":2},"end":{"line":25,"column":14}},"8":{"start":{"line":10,"column":19},"end":{"line":10,"column":41}},"9":{"start":{"line":26,"column":2},"end":{"line":26,"column":12}},"10":{"start":{"line":13,"column":23},"end":{"line":13,"column":37}},"11":{"start":{"line":14,"column":38},"end":{"line":19,"column":null}},"12":{"start":{"line":27,"column":2},"end":{"line":27,"column":15}}},"fnMap":{},"branchMap":{"0":{"loc":{"start":{"line":7,"column":13},"end":{"line":7,"column":37}},"type":"binary-expr","locations":[{"start":{"line":7,"column":13},"end":{"line":7,"column":29}},{"start":{"line":7,"column":33},"end":{"line":7,"column":37}}]}},"s":{"0":5,"1":5,"2":5,"3":5,"4":5,"5":5,"6":5,"7":5,"8":5,"9":5,"10":5,"11":5,"12":5},"f":{},"b":{"0":[5,0]}}
,"C:\\Users\\hp\\Desktop\\Software Development\\Projects\\notes-app\\backend\\src\\config\\server.ts": {"path":"C:\\Users\\hp\\Desktop\\Software Development\\Projects\\notes-app\\backend\\src\\config\\server.ts","statementMap":{"0":{"start":{"line":1,"column":0},"end":{"line":1,"column":41}},"1":{"start":{"line":2,"column":0},"end":{"line":2,"column":24}},"2":{"start":{"line":3,"column":0},"end":{"line":3,"column":43}},"3":{"start":{"line":4,"column":0},"end":{"line":4,"column":85}},"4":{"start":{"line":5,"column":0},"end":{"line":5,"column":99}},"5":{"start":{"line":7,"column":24},"end":{"line":7,"column":33}},"6":{"start":{"line":9,"column":0},"end":{"line":9,"column":27}},"7":{"start":{"line":10,"column":0},"end":{"line":10,"column":19}},"8":{"start":{"line":11,"column":0},"end":{"line":11,"column":27}},"9":{"start":{"line":14,"column":0},"end":{"line":14,"column":32}},"10":{"start":{"line":15,"column":0},"end":{"line":15,"column":35}},"11":{"start":{"line":18,"column":0},"end":{"line":18,"column":36}},"12":{"start":{"line":20,"column":0},"end":{"line":20,"column":55}},"13":{"start":{"line":22,"column":0},"end":{"line":22,"column":55}},"14":{"start":{"line":24,"column":0},"end":{"line":24,"column":64}},"15":{"start":{"line":29,"column":0},"end":{"line":29,"column":null}},"16":{"start":{"line":32,"column":0},"end":{"line":32,"column":25}},"17":{"start":{"line":35,"column":0},"end":{"line":35,"column":22}}},"fnMap":{},"branchMap":{},"s":{"0":5,"1":5,"2":5,"3":5,"4":5,"5":5,"6":5,"7":5,"8":5,"9":5,"10":5,"11":5,"12":5,"13":5,"14":5,"15":5,"16":5,"17":5},"f":{},"b":{}}
}
