TN:
SF:src\api\controllers\auth.controller.ts
FN:19,(anonymous_1)
FN:59,(anonymous_2)
FN:104,(anonymous_3)
FNF:3
FNH:3
FNDA:1,(anonymous_1)
FNDA:2,(anonymous_2)
FNDA:1,(anonymous_3)
DA:2,5
DA:5,5
DA:6,5
DA:7,5
DA:8,5
DA:9,5
DA:19,5
DA:20,1
DA:22,1
DA:24,1
DA:30,1
DA:33,1
DA:38,1
DA:40,1
DA:47,0
DA:59,5
DA:60,2
DA:62,2
DA:64,2
DA:69,2
DA:71,1
DA:73,1
DA:77,1
DA:82,1
DA:85,1
DA:92,1
DA:104,5
DA:105,1
DA:107,1
DA:108,1
DA:112,0
LF:31
LH:29
BRDA:69,0,0,1
BRDA:73,1,0,0
BRF:2
BRH:1
end_of_record
TN:
SF:src\api\controllers\category.controller.ts
FN:16,(anonymous_0)
FN:49,(anonymous_1)
FN:82,(anonymous_2)
FN:120,(anonymous_3)
FNF:4
FNH:4
FNDA:1,(anonymous_0)
FNDA:1,(anonymous_1)
FNDA:1,(anonymous_2)
FNDA:2,(anonymous_3)
DA:3,5
DA:4,5
DA:5,5
DA:16,5
DA:18,1
DA:20,1
DA:21,1
DA:24,1
DA:25,1
DA:27,1
DA:34,0
DA:49,5
DA:50,1
DA:51,1
DA:52,1
DA:53,1
DA:55,1
DA:60,1
DA:61,0
DA:65,1
DA:68,0
DA:82,5
DA:84,1
DA:85,1
DA:87,1
DA:90,1
DA:95,1
DA:100,1
DA:106,0
DA:120,5
DA:121,2
DA:122,2
DA:124,2
DA:126,2
DA:127,1
DA:130,1
DA:137,1
LF:37
LH:33
BRDA:60,0,0,0
BRDA:126,1,0,1
BRF:2
BRH:1
end_of_record
TN:
SF:src\api\controllers\index.ts
FN:12,(anonymous_0)
FN:13,(anonymous_1)
FN:11,(anonymous_2)
FN:23,(anonymous_3)
FN:26,(anonymous_4)
FN:24,(anonymous_5)
FN:25,(anonymous_6)
FN:18,(anonymous_7)
FN:21,(anonymous_8)
FN:19,(anonymous_9)
FN:20,(anonymous_10)
FN:15,(anonymous_11)
FN:16,(anonymous_12)
FNF:13
FNH:13
FNDA:5,(anonymous_0)
FNDA:5,(anonymous_1)
FNDA:5,(anonymous_2)
FNDA:5,(anonymous_3)
FNDA:5,(anonymous_4)
FNDA:5,(anonymous_5)
FNDA:5,(anonymous_6)
FNDA:5,(anonymous_7)
FNDA:5,(anonymous_8)
FNDA:5,(anonymous_9)
FNDA:5,(anonymous_10)
FNDA:5,(anonymous_11)
FNDA:5,(anonymous_12)
DA:1,5
DA:2,5
DA:3,5
DA:4,5
DA:11,10
DA:12,10
DA:13,10
DA:15,10
DA:16,10
DA:18,10
DA:19,10
DA:20,10
DA:21,10
DA:23,10
DA:24,10
DA:25,10
DA:26,10
LF:17
LH:17
BRF:0
BRH:0
end_of_record
TN:
SF:src\api\controllers\note.controller.ts
FN:19,(anonymous_0)
FN:60,(anonymous_1)
FN:119,(anonymous_2)
FN:159,(anonymous_3)
FNF:4
FNH:4
FNDA:1,(anonymous_0)
FNDA:2,(anonymous_1)
FNDA:1,(anonymous_2)
FNDA:1,(anonymous_3)
DA:3,5
DA:4,5
DA:5,5
DA:19,5
DA:20,1
DA:21,1
DA:22,1
DA:24,1
DA:30,1
DA:32,1
DA:35,1
DA:38,1
DA:45,0
DA:60,5
DA:61,2
DA:62,2
DA:63,2
DA:64,2
DA:66,2
DA:68,2
DA:70,2
DA:71,0
DA:74,2
DA:75,0
DA:78,2
DA:79,0
DA:82,2
DA:83,1
DA:86,2
DA:94,2
DA:95,1
DA:98,1
DA:105,0
DA:119,5
DA:120,1
DA:121,1
DA:122,1
DA:123,1
DA:125,1
DA:132,1
DA:134,1
DA:136,1
DA:143,0
DA:159,5
DA:160,1
DA:161,1
DA:162,1
DA:166,1
DA:168,1
DA:170,1
DA:175,0
LF:51
LH:44
BRDA:30,0,0,0
BRDA:32,1,0,0
BRDA:70,2,0,0
BRDA:74,3,0,0
BRDA:78,4,0,0
BRDA:82,5,0,1
BRDA:94,6,0,1
BRDA:132,7,0,0
BRDA:134,8,0,0
BRDA:168,9,0,0
BRF:10
BRH:2
end_of_record
TN:
SF:src\api\controllers\user.controller.ts
FN:15,(anonymous_0)
FN:48,(anonymous_1)
FNF:2
FNH:2
FNDA:1,(anonymous_0)
FNDA:1,(anonymous_1)
DA:3,5
DA:4,5
DA:5,5
DA:15,5
DA:16,1
DA:17,1
DA:19,1
DA:25,1
DA:28,1
DA:36,0
DA:48,5
DA:49,1
DA:50,1
DA:52,1
DA:54,1
DA:59,1
DA:61,1
DA:63,1
DA:67,0
LF:19
LH:17
BRDA:25,0,0,0
BRDA:59,1,0,0
BRDA:61,2,0,0
BRF:3
BRH:0
end_of_record
TN:
SF:src\api\errors\customErrors.ts
FN:9,(anonymous_0)
FN:20,(anonymous_1)
FN:31,(anonymous_2)
FN:42,(anonymous_3)
FN:54,(anonymous_4)
FNF:5
FNH:4
FNDA:4,(anonymous_0)
FNDA:4,(anonymous_1)
FNDA:0,(anonymous_2)
FNDA:3,(anonymous_3)
FNDA:12,(anonymous_4)
DA:1,5
DA:5,5
DA:10,4
DA:11,4
DA:12,4
DA:16,5
DA:21,4
DA:22,4
DA:23,4
DA:27,5
DA:32,0
DA:33,0
DA:34,0
DA:38,5
DA:43,3
DA:44,3
DA:45,3
DA:49,5
DA:55,12
DA:56,12
DA:57,12
DA:58,12
LF:22
LH:19
BRF:0
BRH:0
end_of_record
TN:
SF:src\api\helpers\db_middlewares.ts
FN:13,(anonymous_1)
FNF:1
FNH:1
FNDA:22,(anonymous_1)
DA:1,5
DA:13,5
DA:16,22
DA:17,22
DA:18,22
DA:21,22
LF:6
LH:6
BRDA:16,0,0,22
BRF:1
BRH:1
end_of_record
TN:
SF:src\api\helpers\jwt.ts
FN:11,(anonymous_1)
FN:32,(anonymous_2)
FNF:2
FNH:2
FNDA:23,(anonymous_1)
FNDA:21,(anonymous_2)
DA:1,5
DA:3,5
DA:11,5
DA:12,23
DA:13,23
DA:19,23
DA:22,0
DA:32,5
DA:33,21
DA:35,21
DA:37,21
DA:40,0
DA:45,5
DA:46,5
LF:14
LH:12
BRF:0
BRH:0
end_of_record
TN:
SF:src\api\middlewares\auth-middleware.ts
FN:25,(anonymous_0)
FNF:1
FNH:1
FNDA:24,(anonymous_0)
DA:2,5
DA:3,5
DA:25,5
DA:26,24
DA:27,24
DA:29,24
DA:30,3
DA:32,21
DA:34,21
DA:35,0
DA:38,21
DA:40,21
DA:43,3
LF:13
LH:12
BRDA:29,0,0,3
BRDA:34,1,0,0
BRDA:34,2,0,21
BRDA:34,2,1,21
BRF:4
BRH:3
end_of_record
TN:
SF:src\api\middlewares\errror-handler-middleware.ts
FN:12,(anonymous_0)
FNF:1
FNH:1
FNDA:17,(anonymous_0)
DA:3,5
DA:12,5
DA:16,17
DA:17,17
DA:18,17
DA:19,17
DA:22,17
DA:32,5
LF:8
LH:8
BRDA:16,0,0,17
BRDA:16,0,1,0
BRDA:17,1,0,17
BRDA:17,1,1,0
BRDA:18,2,0,17
BRDA:18,2,1,0
BRDA:19,3,0,12
BRDA:19,3,1,5
BRF:8
BRH:5
end_of_record
TN:
SF:src\api\middlewares\index.ts
FN:8,(anonymous_1)
FN:11,(anonymous_2)
FNF:2
FNH:2
FNDA:15,(anonymous_1)
FNDA:5,(anonymous_2)
DA:1,5
DA:2,5
DA:3,5
DA:4,5
DA:8,20
DA:9,5
DA:10,5
DA:11,10
LF:8
LH:8
BRF:0
BRH:0
end_of_record
TN:
SF:src\api\middlewares\notFound-middleware.ts
FN:4,(anonymous_0)
FNF:1
FNH:0
FNDA:0,(anonymous_0)
DA:2,5
DA:4,5
DA:5,0
DA:7,0
LF:4
LH:2
BRF:0
BRH:0
end_of_record
TN:
SF:src\api\middlewares\validation-middleware.ts
FN:11,(anonymous_0)
FNF:1
FNH:1
FNDA:24,(anonymous_0)
DA:2,5
DA:3,5
DA:11,5
DA:12,24
DA:14,24
DA:15,12
DA:18,12
DA:21,5
LF:8
LH:8
BRDA:14,0,0,12
BRF:1
BRH:1
end_of_record
TN:
SF:src\api\models\category.model.ts
FNF:0
FNH:0
DA:1,5
DA:5,5
DA:19,5
DA:22,5
LF:4
LH:4
BRF:0
BRH:0
end_of_record
TN:
SF:src\api\models\index.ts
FNF:0
FNH:0
DA:1,5
DA:2,5
DA:3,5
DA:6,5
DA:7,5
DA:8,5
LF:6
LH:6
BRF:0
BRH:0
end_of_record
TN:
SF:src\api\models\note.model.ts
FNF:0
FNH:0
DA:1,5
DA:7,5
DA:45,5
DA:48,5
LF:4
LH:4
BRF:0
BRH:0
end_of_record
TN:
SF:src\api\models\user.model.ts
FNF:0
FNH:0
DA:1,5
DA:4,5
DA:7,5
DA:32,5
DA:36,5
DA:40,5
LF:6
LH:6
BRF:0
BRH:0
end_of_record
TN:
SF:src\api\routes\auth.routes.ts
FNF:0
FNH:0
DA:1,5
DA:2,5
DA:3,5
DA:4,5
DA:6,5
DA:8,5
DA:12,5
DA:16,5
DA:21,5
LF:9
LH:9
BRF:0
BRH:0
end_of_record
TN:
SF:src\api\routes\category.routes.ts
FNF:0
FNH:0
DA:1,5
DA:2,5
DA:3,5
DA:4,5
DA:6,5
DA:9,5
DA:15,5
DA:21,5
LF:8
LH:8
BRF:0
BRH:0
end_of_record
TN:
SF:src\api\routes\index.ts
FN:8,(anonymous_1)
FNF:1
FNH:1
FNDA:3,(anonymous_1)
DA:1,5
DA:2,5
DA:3,5
DA:4,5
DA:5,5
DA:8,5
DA:9,3
DA:24,5
DA:25,5
DA:26,5
DA:27,5
DA:28,5
LF:12
LH:12
BRF:0
BRH:0
end_of_record
TN:
SF:src\api\routes\note.routes.ts
FNF:0
FNH:0
DA:1,5
DA:2,5
DA:3,5
DA:4,5
DA:6,5
DA:8,5
DA:12,5
DA:18,5
DA:23,5
LF:9
LH:9
BRF:0
BRH:0
end_of_record
TN:
SF:src\api\routes\user.routes.ts
FNF:0
FNH:0
DA:1,5
DA:2,5
DA:3,5
DA:4,5
DA:6,5
DA:8,5
DA:13,5
LF:7
LH:7
BRF:0
BRH:0
end_of_record
TN:
SF:src\api\tests\test-helpers.ts
FN:7,(anonymous_0)
FN:24,(anonymous_1)
FN:40,(anonymous_2)
FNF:3
FNH:3
FNDA:21,(anonymous_0)
FNDA:6,(anonymous_1)
FNDA:5,(anonymous_2)
DA:4,3
DA:7,3
DA:8,21
DA:14,21
DA:16,21
DA:17,21
DA:19,21
DA:24,3
DA:26,6
DA:28,6
DA:33,6
DA:35,6
DA:37,6
DA:40,3
DA:42,5
DA:43,5
DA:48,5
DA:50,5
DA:52,5
LF:19
LH:19
BRF:0
BRH:0
end_of_record
TN:
SF:src\api\validation\validation-schemas.ts
FN:11,(anonymous_0)
FNF:1
FNH:1
FNDA:15,(anonymous_0)
DA:1,5
DA:2,5
DA:11,5
DA:12,15
DA:28,5
DA:54,5
DA:80,5
DA:92,5
DA:108,5
DA:129,5
DA:144,5
DA:172,5
DA:206,5
DA:233,5
LF:14
LH:14
BRF:0
BRH:0
end_of_record
TN:
SF:src\api\validation\validators.ts
FN:12,(anonymous_0)
FN:24,(anonymous_1)
FN:44,(anonymous_2)
FN:78,(anonymous_3)
FN:108,(anonymous_4)
FN:143,(anonymous_5)
FN:149,(anonymous_6)
FNF:7
FNH:7
FNDA:4,(anonymous_0)
FNDA:2,(anonymous_1)
FNDA:5,(anonymous_2)
FNDA:5,(anonymous_3)
FNDA:2,(anonymous_4)
FNDA:3,(anonymous_5)
FNDA:1,(anonymous_6)
DA:1,5
DA:2,5
DA:3,5
DA:12,5
DA:13,4
DA:14,4
DA:15,1
DA:24,5
DA:25,2
DA:27,2
DA:28,1
DA:44,5
DA:47,5
DA:49,5
DA:51,5
DA:53,4
DA:57,4
DA:59,3
DA:61,3
DA:78,5
DA:81,5
DA:83,5
DA:85,5
DA:87,5
DA:91,5
DA:93,4
DA:95,4
DA:108,5
DA:112,2
DA:114,2
DA:116,2
DA:117,0
DA:122,2
DA:123,0
DA:126,2
DA:127,0
DA:129,0
DA:130,0
DA:143,5
DA:146,3
DA:147,3
DA:149,3
DA:150,1
DA:151,1
LF:44
LH:39
BRDA:14,0,0,1
BRDA:27,1,0,1
BRDA:51,2,0,1
BRDA:57,3,0,1
BRDA:61,4,0,0
BRDA:85,5,0,0
BRDA:91,6,0,1
BRDA:95,7,0,0
BRDA:116,8,0,0
BRDA:122,9,0,0
BRDA:122,10,0,2
BRDA:122,10,1,0
BRDA:126,11,0,0
BRDA:129,12,0,0
BRDA:147,13,0,3
BRDA:147,13,1,3
BRDA:150,14,0,1
BRF:17
BRH:9
end_of_record
TN:
SF:src\config\constants.ts
FNF:0
FNH:0
DA:1,5
DA:4,5
DA:7,5
DA:8,5
DA:9,5
DA:10,5
DA:13,5
DA:14,5
DA:23,5
DA:24,5
DA:25,5
DA:26,5
DA:27,5
LF:13
LH:13
BRDA:7,0,0,5
BRDA:7,0,1,0
BRF:2
BRH:1
end_of_record
TN:
SF:src\config\server.ts
FNF:0
FNH:0
DA:1,5
DA:2,5
DA:3,5
DA:4,5
DA:5,5
DA:7,5
DA:9,5
DA:10,5
DA:11,5
DA:14,5
DA:15,5
DA:18,5
DA:20,5
DA:22,5
DA:24,5
DA:29,5
DA:32,5
DA:35,5
LF:18
LH:18
BRF:0
BRH:0
end_of_record
